<?xml version="1.0" encoding="UTF-8"?>
<coverage generated="1659625529">
  <project timestamp="1659625529">
    <file name="/Users/fuo/Sites/clients/Universum/console-select-jm/src/Handlers/SelectHandler.php">
      <class name="EddIriarte\Console\Handlers\SelectHandler" namespace="global">
        <metrics complexity="39" methods="16" coveredmethods="12" conditionals="0" coveredconditionals="0" statements="88" coveredstatements="74" elements="104" coveredelements="86"/>
      </class>
      <line num="56" type="method" name="__construct" visibility="public" complexity="1" crap="1" count="6"/>
      <line num="58" type="stmt" count="6"/>
      <line num="59" type="stmt" count="6"/>
      <line num="60" type="stmt" count="6"/>
      <line num="61" type="stmt" count="6"/>
      <line num="62" type="stmt" count="6"/>
      <line num="70" type="method" name="handle" visibility="public" complexity="5" crap="5" count="6"/>
      <line num="72" type="stmt" count="6"/>
      <line num="73" type="stmt" count="6"/>
      <line num="74" type="stmt" count="6"/>
      <line num="76" type="stmt" count="6"/>
      <line num="78" type="stmt" count="6"/>
      <line num="81" type="stmt" count="6"/>
      <line num="84" type="stmt" count="6"/>
      <line num="85" type="stmt" count="6"/>
      <line num="86" type="stmt" count="6"/>
      <line num="87" type="stmt" count="6"/>
      <line num="88" type="stmt" count="6"/>
      <line num="89" type="stmt" count="6"/>
      <line num="90" type="stmt" count="6"/>
      <line num="92" type="stmt" count="3"/>
      <line num="93" type="stmt" count="3"/>
      <line num="94" type="stmt" count="3"/>
      <line num="95" type="stmt" count="3"/>
      <line num="97" type="stmt" count="6"/>
      <line num="101" type="stmt" count="6"/>
      <line num="103" type="stmt" count="6"/>
      <line num="105" type="stmt" count="6"/>
      <line num="113" type="method" name="exists" visibility="public" complexity="1" crap="1" count="11"/>
      <line num="115" type="stmt" count="11"/>
      <line num="121" type="method" name="up" visibility="protected" complexity="2" crap="2" count="4"/>
      <line num="123" type="stmt" count="4"/>
      <line num="124" type="stmt" count="4"/>
      <line num="131" type="method" name="down" visibility="protected" complexity="2" crap="2" count="6"/>
      <line num="133" type="stmt" count="6"/>
      <line num="134" type="stmt" count="6"/>
      <line num="141" type="method" name="left" visibility="protected" complexity="2" crap="6" count="0"/>
      <line num="143" type="stmt" count="0"/>
      <line num="144" type="stmt" count="0"/>
      <line num="151" type="method" name="right" visibility="protected" complexity="2" crap="6" count="0"/>
      <line num="153" type="stmt" count="0"/>
      <line num="154" type="stmt" count="0"/>
      <line num="161" type="method" name="tryCellSelection" visibility="protected" complexity="2" crap="2" count="6"/>
      <line num="164" type="stmt" count="6"/>
      <line num="165" type="stmt" count="6"/>
      <line num="166" type="stmt" count="6"/>
      <line num="173" type="method" name="tryCellNavigation" visibility="protected" complexity="7" crap="11.10" count="6"/>
      <line num="176" type="stmt" count="6"/>
      <line num="177" type="stmt" count="6"/>
      <line num="179" type="stmt" count="0"/>
      <line num="182" type="stmt" count="6"/>
      <line num="183" type="stmt" count="6"/>
      <line num="184" type="stmt" count="4"/>
      <line num="185" type="stmt" count="4"/>
      <line num="186" type="stmt" count="6"/>
      <line num="187" type="stmt" count="6"/>
      <line num="188" type="stmt" count="6"/>
      <line num="189" type="stmt" count="0"/>
      <line num="190" type="stmt" count="0"/>
      <line num="191" type="stmt" count="0"/>
      <line num="192" type="stmt" count="0"/>
      <line num="193" type="stmt" count="0"/>
      <line num="194" type="stmt" count="0"/>
      <line num="201" type="method" name="repaint" visibility="public" complexity="2" crap="2" count="6"/>
      <line num="203" type="stmt" count="6"/>
      <line num="204" type="stmt" count="6"/>
      <line num="205" type="stmt" count="6"/>
      <line num="208" type="stmt" count="6"/>
      <line num="209" type="stmt" count="6"/>
      <line num="215" type="method" name="clear" visibility="public" complexity="2" crap="2" count="6"/>
      <line num="218" type="stmt" count="6"/>
      <line num="220" type="stmt" count="6"/>
      <line num="222" type="stmt" count="6"/>
      <line num="223" type="stmt" count="6"/>
      <line num="224" type="stmt" count="6"/>
      <line num="231" type="method" name="message" visibility="protected" complexity="2" crap="2" count="6"/>
      <line num="233" type="stmt" count="6"/>
      <line num="234" type="stmt" count="6"/>
      <line num="235" type="stmt" count="6"/>
      <line num="236" type="stmt" count="6"/>
      <line num="237" type="stmt" count="6"/>
      <line num="238" type="stmt" count="6"/>
      <line num="247" type="method" name="makeRow" visibility="protected" complexity="1" crap="1" count="6"/>
      <line num="249" type="stmt" count="6"/>
      <line num="250" type="stmt" count="6"/>
      <line num="251" type="stmt" count="6"/>
      <line num="261" type="method" name="makeCell" visibility="protected" complexity="4" crap="4" count="6"/>
      <line num="263" type="stmt" count="6"/>
      <line num="264" type="stmt" count="6"/>
      <line num="266" type="stmt" count="6"/>
      <line num="267" type="stmt" count="6"/>
      <line num="268" type="stmt" count="6"/>
      <line num="269" type="stmt" count="6"/>
      <line num="270" type="stmt" count="6"/>
      <line num="274" type="method" name="terminalWidth" visibility="public" complexity="1" crap="1" count="6"/>
      <line num="276" type="stmt" count="6"/>
      <line num="279" type="method" name="chunkSize" visibility="public" complexity="3" crap="3.71" count="6"/>
      <line num="281" type="stmt" count="6"/>
      <line num="282" type="stmt" count="6"/>
      <line num="284" type="stmt" count="6"/>
      <line num="285" type="stmt" count="6"/>
      <line num="286" type="stmt" count="0"/>
      <line num="287" type="stmt" count="0"/>
      <line num="289" type="stmt" count="0"/>
      <metrics loc="293" ncloc="199" classes="1" methods="16" coveredmethods="12" conditionals="0" coveredconditionals="0" statements="88" coveredstatements="74" elements="104" coveredelements="86"/>
    </file>
    <file name="/Users/fuo/Sites/clients/Universum/console-select-jm/src/Helpers/SelectionHelper.php">
      <class name="EddIriarte\Console\Helpers\SelectionHelper" namespace="global">
        <metrics complexity="9" methods="7" coveredmethods="7" conditionals="0" coveredconditionals="0" statements="15" coveredstatements="15" elements="22" coveredelements="22"/>
      </class>
      <line num="44" type="method" name="__construct" visibility="public" complexity="1" crap="1" count="5"/>
      <line num="46" type="stmt" count="5"/>
      <line num="47" type="stmt" count="5"/>
      <line num="49" type="stmt" count="5"/>
      <line num="50" type="stmt" count="5"/>
      <line num="56" type="method" name="setHelperSet" visibility="public" complexity="1" crap="1" count="2"/>
      <line num="58" type="stmt" count="2"/>
      <line num="64" type="method" name="getHelperSet" visibility="public" complexity="1" crap="1" count="1"/>
      <line num="66" type="stmt" count="1"/>
      <line num="72" type="method" name="getName" visibility="public" complexity="1" crap="1" count="2"/>
      <line num="74" type="stmt" count="2"/>
      <line num="83" type="method" name="select" visibility="public" complexity="1" crap="1" count="1"/>
      <line num="85" type="stmt" count="1"/>
      <line num="87" type="stmt" count="1"/>
      <line num="90" type="stmt" count="1"/>
      <line num="96" type="method" name="checkAnsiSupport" visibility="protected" complexity="2" crap="2" count="5"/>
      <line num="98" type="stmt" count="5"/>
      <line num="99" type="stmt" count="3"/>
      <line num="108" type="method" name="setOutputStyles" visibility="protected" complexity="2" crap="2" count="5"/>
      <line num="110" type="stmt" count="5"/>
      <line num="111" type="stmt" count="3"/>
      <line num="112" type="stmt" count="3"/>
      <metrics loc="116" ncloc="71" classes="1" methods="7" coveredmethods="7" conditionals="0" coveredconditionals="0" statements="15" coveredstatements="15" elements="22" coveredelements="22"/>
    </file>
    <file name="/Users/fuo/Sites/clients/Universum/console-select-jm/src/Helpers/StreamableInput.php">
      <class name="EddIriarte\Console\Helpers\StreamableInput" namespace="global">
        <metrics complexity="4" methods="1" coveredmethods="1" conditionals="0" coveredconditionals="0" statements="3" coveredstatements="3" elements="4" coveredelements="4"/>
      </class>
      <line num="21" type="method" name="getInputStream" visibility="protected" complexity="4" crap="4" count="1"/>
      <line num="23" type="stmt" count="1"/>
      <line num="24" type="stmt" count="1"/>
      <line num="27" type="stmt" count="1"/>
      <metrics loc="30" ncloc="19" classes="1" methods="1" coveredmethods="1" conditionals="0" coveredconditionals="0" statements="3" coveredstatements="3" elements="4" coveredelements="4"/>
    </file>
    <file name="/Users/fuo/Sites/clients/Universum/console-select-jm/src/Inputs/AbstractSelect.php">
      <class name="EddIriarte\Console\Inputs\AbstractSelect" namespace="global">
        <metrics complexity="6" methods="6" coveredmethods="6" conditionals="0" coveredconditionals="0" statements="8" coveredstatements="8" elements="14" coveredelements="14"/>
      </class>
      <line num="29" type="method" name="__construct" visibility="public" complexity="1" crap="1" count="17"/>
      <line num="31" type="stmt" count="17"/>
      <line num="32" type="stmt" count="17"/>
      <line num="33" type="stmt" count="17"/>
      <line num="39" type="method" name="getMessage" visibility="public" complexity="1" crap="1" count="7"/>
      <line num="41" type="stmt" count="7"/>
      <line num="47" type="method" name="getOptions" visibility="public" complexity="1" crap="1" count="8"/>
      <line num="49" type="stmt" count="8"/>
      <line num="55" type="method" name="getSelections" visibility="public" complexity="1" crap="1" count="9"/>
      <line num="57" type="stmt" count="9"/>
      <line num="63" type="method" name="hasSelections" visibility="public" complexity="1" crap="1" count="1"/>
      <line num="65" type="stmt" count="1"/>
      <line num="72" type="method" name="isSelected" visibility="public" complexity="1" crap="1" count="9"/>
      <line num="74" type="stmt" count="9"/>
      <metrics loc="77" ncloc="50" classes="1" methods="6" coveredmethods="6" conditionals="0" coveredconditionals="0" statements="8" coveredstatements="8" elements="14" coveredelements="14"/>
    </file>
    <file name="/Users/fuo/Sites/clients/Universum/console-select-jm/src/Inputs/CheckboxInput.php">
      <class name="EddIriarte\Console\Inputs\CheckboxInput" namespace="global">
        <metrics complexity="3" methods="1" coveredmethods="1" conditionals="0" coveredconditionals="0" statements="5" coveredstatements="5" elements="6" coveredelements="6"/>
      </class>
      <line num="17" type="method" name="select" visibility="public" complexity="3" crap="3" count="7"/>
      <line num="19" type="stmt" count="7"/>
      <line num="20" type="stmt" count="1"/>
      <line num="23" type="stmt" count="6"/>
      <line num="24" type="stmt" count="1"/>
      <line num="26" type="stmt" count="6"/>
      <metrics loc="30" ncloc="22" classes="1" methods="1" coveredmethods="1" conditionals="0" coveredconditionals="0" statements="5" coveredstatements="5" elements="6" coveredelements="6"/>
    </file>
    <file name="/Users/fuo/Sites/clients/Universum/console-select-jm/src/Inputs/Exceptions/IndexOutOfRange.php">
      <class name="EddIriarte\Console\Inputs\Exceptions\IndexOutOfRange" namespace="global">
        <metrics complexity="1" methods="1" coveredmethods="1" conditionals="0" coveredconditionals="0" statements="1" coveredstatements="1" elements="2" coveredelements="2"/>
      </class>
      <line num="6" type="method" name="__construct" visibility="public" complexity="1" crap="1" count="2"/>
      <line num="8" type="stmt" count="2"/>
      <metrics loc="10" ncloc="10" classes="1" methods="1" coveredmethods="1" conditionals="0" coveredconditionals="0" statements="1" coveredstatements="1" elements="2" coveredelements="2"/>
    </file>
    <file name="/Users/fuo/Sites/clients/Universum/console-select-jm/src/Inputs/Exceptions/UnknownOption.php">
      <class name="EddIriarte\Console\Inputs\Exceptions\UnknownOption" namespace="global">
        <metrics complexity="1" methods="1" coveredmethods="1" conditionals="0" coveredconditionals="0" statements="1" coveredstatements="1" elements="2" coveredelements="2"/>
      </class>
      <line num="6" type="method" name="__construct" visibility="public" complexity="1" crap="1" count="2"/>
      <line num="8" type="stmt" count="2"/>
      <metrics loc="11" ncloc="11" classes="1" methods="1" coveredmethods="1" conditionals="0" coveredconditionals="0" statements="1" coveredstatements="1" elements="2" coveredelements="2"/>
    </file>
    <file name="/Users/fuo/Sites/clients/Universum/console-select-jm/src/Inputs/RadioInput.php">
      <class name="EddIriarte\Console\Inputs\RadioInput" namespace="global">
        <metrics complexity="3" methods="1" coveredmethods="1" conditionals="0" coveredconditionals="0" statements="3" coveredstatements="3" elements="4" coveredelements="4"/>
      </class>
      <line num="18" type="method" name="select" visibility="public" complexity="3" crap="3" count="3"/>
      <line num="20" type="stmt" count="3"/>
      <line num="21" type="stmt" count="1"/>
      <line num="24" type="stmt" count="2"/>
      <metrics loc="27" ncloc="19" classes="1" methods="1" coveredmethods="1" conditionals="0" coveredconditionals="0" statements="3" coveredstatements="3" elements="4" coveredelements="4"/>
    </file>
    <file name="/Users/fuo/Sites/clients/Universum/console-select-jm/src/Inputs/Traits/ChunkableOptions.php">
      <class name="EddIriarte\Console\Inputs\Traits\ChunkableOptions" namespace="global">
        <metrics complexity="10" methods="5" coveredmethods="5" conditionals="0" coveredconditionals="0" statements="14" coveredstatements="14" elements="19" coveredelements="19"/>
      </class>
      <line num="21" type="method" name="getChunks" visibility="public" complexity="3" crap="3" count="18"/>
      <line num="23" type="stmt" count="18"/>
      <line num="24" type="stmt" count="8"/>
      <line num="27" type="stmt" count="18"/>
      <line num="28" type="stmt" count="14"/>
      <line num="31" type="stmt" count="18"/>
      <line num="39" type="method" name="getChunkAt" visibility="public" complexity="2" crap="2" count="2"/>
      <line num="41" type="stmt" count="2"/>
      <line num="42" type="stmt" count="1"/>
      <line num="45" type="stmt" count="1"/>
      <line num="51" type="method" name="getChunksCount" visibility="public" complexity="1" crap="1" count="7"/>
      <line num="53" type="stmt" count="7"/>
      <line num="61" type="method" name="hasEntryAt" visibility="public" complexity="2" crap="2" count="12"/>
      <line num="63" type="stmt" count="12"/>
      <line num="64" type="stmt" count="12"/>
      <line num="73" type="method" name="getEntryAt" visibility="public" complexity="2" crap="2" count="7"/>
      <line num="75" type="stmt" count="7"/>
      <line num="76" type="stmt" count="6"/>
      <line num="79" type="stmt" count="1"/>
      <metrics loc="82" ncloc="55" classes="1" methods="5" coveredmethods="5" conditionals="0" coveredconditionals="0" statements="14" coveredstatements="14" elements="19" coveredelements="19"/>
    </file>
    <file name="/Users/fuo/Sites/clients/Universum/console-select-jm/src/Providers/SelectServiceProvider.php">
      <class name="EddIriarte\Console\Providers\SelectServiceProvider" namespace="global">
        <metrics complexity="2" methods="1" coveredmethods="0" conditionals="0" coveredconditionals="0" statements="5" coveredstatements="0" elements="6" coveredelements="0"/>
      </class>
      <line num="21" type="method" name="boot" visibility="public" complexity="2" crap="6" count="0"/>
      <line num="32" type="stmt" count="0"/>
      <line num="34" type="stmt" count="0"/>
      <line num="35" type="stmt" count="0"/>
      <line num="36" type="stmt" count="0"/>
      <line num="38" type="stmt" count="0"/>
      <metrics loc="43" ncloc="25" classes="1" methods="1" coveredmethods="0" conditionals="0" coveredconditionals="0" statements="5" coveredstatements="0" elements="6" coveredelements="0"/>
    </file>
    <file name="/Users/fuo/Sites/clients/Universum/console-select-jm/src/Traits/SelectableInputs.php">
      <class name="EddIriarte\Console\Traits\SelectableInputs" namespace="global">
        <metrics complexity="3" methods="2" coveredmethods="2" conditionals="0" coveredconditionals="0" statements="5" coveredstatements="5" elements="7" coveredelements="7"/>
      </class>
      <line num="12" type="method" name="enableSelectHelper" visibility="public" complexity="1" crap="1" count="1"/>
      <line num="14" type="stmt" count="1"/>
      <line num="15" type="stmt" count="1"/>
      <line num="19" type="method" name="select" visibility="public" complexity="2" crap="2" count="2"/>
      <line num="21" type="stmt" count="2"/>
      <line num="22" type="stmt" count="2"/>
      <line num="24" type="stmt" count="2"/>
      <metrics loc="27" ncloc="27" classes="1" methods="2" coveredmethods="2" conditionals="0" coveredconditionals="0" statements="5" coveredstatements="5" elements="7" coveredelements="7"/>
    </file>
    <metrics files="11" loc="746" ncloc="508" classes="11" methods="42" coveredmethods="37" conditionals="0" coveredconditionals="0" statements="148" coveredstatements="129" elements="190" coveredelements="166"/>
  </project>
</coverage>
